<?xml version="1.0" encoding="utf-8"?><testsuites name="pytest tests"><testsuite name="pytest" errors="0" failures="0" skipped="0" tests="15" time="6.546" timestamp="2026-03-29T19:46:23.130101+00:00" hostname="agent-env-19efed5a-a8e7-4316-ac0b-c5feb34742a3"><testcase classname="backend.tests.test_new_features.TestHealthCheck" name="test_health_endpoint" time="0.193" /><testcase classname="backend.tests.test_new_features.TestAdminAuth" name="test_admin_login" time="0.349" /><testcase classname="backend.tests.test_new_features.TestAdminAuth" name="test_admin_me_endpoint" time="0.413" /><testcase classname="backend.tests.test_new_features.TestChildAuth" name="test_child_login" time="0.359" /><testcase classname="backend.tests.test_new_features.TestBindersCRUD" name="test_get_binders" time="0.450" /><testcase classname="backend.tests.test_new_features.TestBindersCRUD" name="test_create_binder" time="0.432" /><testcase classname="backend.tests.test_new_features.TestBindersCRUD" name="test_delete_binder" time="0.470" /><testcase classname="backend.tests.test_new_features.TestBindersCRUD" name="test_child_cannot_create_binder" time="0.396" /><testcase classname="backend.tests.test_new_features.TestBindersCRUD" name="test_child_cannot_delete_binder" time="0.900" /><testcase classname="backend.tests.test_new_features.TestCardsBySet" name="test_get_cards_by_set" time="0.416" /><testcase classname="backend.tests.test_new_features.TestVitrine" name="test_admin_create_vitrine" time="0.389" /><testcase classname="backend.tests.test_new_features.TestVitrine" name="test_get_vitrine_public" time="0.547" /><testcase classname="backend.tests.test_new_features.TestVitrine" name="test_child_cannot_create_vitrine" time="0.420" /><testcase classname="backend.tests.test_new_features.TestVitrine" name="test_invalid_vitrine_token" time="0.146" /><testcase classname="backend.tests.test_new_features.TestLogout" name="test_logout" time="0.532" /></testsuite></testsuites>