<?xml version="1.0" encoding="utf-8"?><testsuites name="pytest tests"><testsuite name="pytest" errors="0" failures="1" skipped="0" tests="10" time="5.173" timestamp="2026-03-29T20:05:44.456215+00:00" hostname="agent-env-19efed5a-a8e7-4316-ac0b-c5feb34742a3"><testcase classname="backend.tests.test_card_detail_features.TestCardBinderAssignment" name="test_update_card_binder_id" time="0.699" /><testcase classname="backend.tests.test_card_detail_features.TestCardBinderAssignment" name="test_remove_card_from_binder" time="0.420"><failure message="AssertionError: assert '69c97ff0d37774e4a9de10a3' is None&#10; +  where '69c97ff0d37774e4a9de10a3' = &lt;built-in method get of dict object at 0xff52fa82df00&gt;('binder_id')&#10; +    where &lt;built-in method get of dict object at 0xff52fa82df00&gt; = {'_id': '69c9657642aae8b6fbdcf82f', 'binder_id': '69c97ff0d37774e4a9de10a3', 'card_name': 'Trevenant', 'card_number': '12', ...}.get">backend/tests/test_card_detail_features.py:131: in test_remove_card_from_binder
    assert updated_card.get("binder_id") is None
E   AssertionError: assert '69c97ff0d37774e4a9de10a3' is None
E    +  where '69c97ff0d37774e4a9de10a3' = &lt;built-in method get of dict object at 0xff52fa82df00&gt;('binder_id')
E    +    where &lt;built-in method get of dict object at 0xff52fa82df00&gt; = {'_id': '69c9657642aae8b6fbdcf82f', 'binder_id': '69c97ff0d37774e4a9de10a3', 'card_name': 'Trevenant', 'card_number': '12', ...}.get</failure></testcase><testcase classname="backend.tests.test_card_detail_features.TestCardBinderAssignment" name="test_child_cannot_update_card_binder" time="0.831" /><testcase classname="backend.tests.test_card_detail_features.TestPriceHistoryTracking" name="test_price_update_adds_to_history" time="0.545" /><testcase classname="backend.tests.test_card_detail_features.TestPriceHistoryTracking" name="test_card_with_multiple_price_history" time="0.388" /><testcase classname="backend.tests.test_card_detail_features.TestPriceHistoryTracking" name="test_card_with_single_price_history" time="0.367" /><testcase classname="backend.tests.test_card_detail_features.TestCardDetailEndpoint" name="test_get_cards_includes_price_history" time="0.402" /><testcase classname="backend.tests.test_card_detail_features.TestCardDetailEndpoint" name="test_get_cards_includes_binder_id" time="0.392" /><testcase classname="backend.tests.test_card_detail_features.TestCardDetailEndpoint" name="test_update_card_condition" time="0.498" /><testcase classname="backend.tests.test_card_detail_features.TestCardDetailEndpoint" name="test_update_card_quantity" time="0.531" /></testsuite></testsuites>