<?xml version="1.0" encoding="utf-8"?><testsuites name="pytest tests"><testsuite name="pytest" errors="0" failures="0" skipped="0" tests="17" time="8.854" timestamp="2026-03-29T22:39:54.993279+00:00" hostname="agent-env-19efed5a-a8e7-4316-ac0b-c5feb34742a3"><testcase classname="tests.test_gen1_auto_binder.TestGen1AutoBinder" name="test_gen1_english_pikachu_auto_binder" time="0.563" /><testcase classname="tests.test_gen1_auto_binder.TestGen1AutoBinder" name="test_gen1_english_charizard_auto_binder" time="0.509" /><testcase classname="tests.test_gen1_auto_binder.TestGen1AutoBinder" name="test_gen1_english_mewtwo_auto_binder" time="0.503" /><testcase classname="tests.test_gen1_auto_binder.TestGen1AutoBinder" name="test_gen1_french_dracaufeu_auto_binder" time="0.503" /><testcase classname="tests.test_gen1_auto_binder.TestGen1AutoBinder" name="test_gen1_french_ectoplasma_auto_binder" time="0.492" /><testcase classname="tests.test_gen1_auto_binder.TestGen1AutoBinder" name="test_gen1_french_ronflex_auto_binder" time="0.479" /><testcase classname="tests.test_gen1_auto_binder.TestGen1AutoBinder" name="test_non_gen1_lucario_no_auto_binder" time="0.487" /><testcase classname="tests.test_gen1_auto_binder.TestGen1AutoBinder" name="test_non_gen1_greninja_no_auto_binder" time="0.520" /><testcase classname="tests.test_gen1_auto_binder.TestGen1AutoBinder" name="test_non_gen1_rayquaza_no_auto_binder" time="0.512" /><testcase classname="tests.test_gen1_auto_binder.TestGen1AutoBinder" name="test_gen1_pikachu_ex_suffix_auto_binder" time="0.569" /><testcase classname="tests.test_gen1_auto_binder.TestGen1AutoBinder" name="test_gen1_dracaufeu_vmax_suffix_auto_binder" time="0.573" /><testcase classname="tests.test_gen1_auto_binder.TestGen1AutoBinder" name="test_gen1_charizard_gx_suffix_auto_binder" time="0.487" /><testcase classname="tests.test_gen1_auto_binder.TestGen1AutoBinder" name="test_gen1_mewtwo_vstar_suffix_auto_binder" time="0.495" /><testcase classname="tests.test_gen1_auto_binder.TestGen1AutoBinder" name="test_gen1_binder_exists_after_adding_gen1_card" time="0.554" /><testcase classname="tests.test_gen1_auto_binder.TestGen1AutoBinder" name="test_gen1_binder_reused_for_multiple_cards" time="0.530" /><testcase classname="tests.test_gen1_auto_binder.TestGen1AutoBinder" name="test_duplicate_card_increments_quantity" time="0.620" /><testcase classname="tests.test_gen1_auto_binder.TestGen1BinderDescription" name="test_gen1_binder_has_correct_description" time="0.378" /></testsuite></testsuites>